# JRE version: Java(TM) SE Runtime Environment (7.0_79-b15) (build 1.7.0_79-b15)
# Java VM: Java HotSpot(TM) 64-Bit Server VM (24.79-b02 mixed mode bsd-amd64 compressed oops)
Heap
 PSYoungGen      total 426496K, used 358100K [0x00000007d5500000, 0x00000007fff00000, 0x0000000800000000)
  eden space 408576K, 83% used [0x00000007d5500000,0x00000007ea13c128,0x00000007ee400000)
  from space 17920K, 99% used [0x00000007fed80000,0x00000007ffef91d8,0x00000007fff00000)
  to   space 22528K, 0% used [0x00000007fd300000,0x00000007fd300000,0x00000007fe900000)
 ParOldGen       total 87040K, used 45180K [0x0000000780000000, 0x0000000785500000, 0x00000007d5500000)
  object space 87040K, 51% used [0x0000000780000000,0x0000000782c1f210,0x0000000785500000)
 PSPermGen       total 62464K, used 62007K [0x000000077ae00000, 0x000000077eb00000, 0x0000000780000000)
  object space 62464K, 99% used [0x000000077ae00000,0x000000077ea8dd48,0x000000077eb00000)
GC Heap History (10 events):
Event: 8.570 GC heap before
{Heap before GC invocations=8 (full 0):
 PSYoungGen      total 143872K, used 142746K [0x00000007d5500000, 0x00000007e6f00000, 0x0000000800000000)
  eden space 135168K, 100% used [0x00000007d5500000,0x00000007dd900000,0x00000007dd900000)
  from space 8704K, 87% used [0x00000007dd900000,0x00000007de066808,0x00000007de180000)
  to   space 9216K, 0% used [0x00000007e6600000,0x00000007e6600000,0x00000007e6f00000)
 ParOldGen       total 87040K, used 7591K [0x0000000780000000, 0x0000000785500000, 0x00000007d5500000)
  object space 87040K, 8% used [0x0000000780000000,0x0000000780769ff8,0x0000000785500000)
 PSPermGen       total 32256K, used 31863K [0x000000077ae00000, 0x000000077cd80000, 0x0000000780000000)
  object space 32256K, 98% used [0x000000077ae00000,0x000000077cd1de50,0x000000077cd80000)
Event: 8.591 GC heap after
Heap after GC invocations=8 (full 0):
 PSYoungGen      total 276480K, used 9214K [0x00000007d5500000, 0x00000007e7500000, 0x0000000800000000)
  eden space 267264K, 0% used [0x00000007d5500000,0x00000007d5500000,0x00000007e5a00000)
  from space 9216K, 99% used [0x00000007e6600000,0x00000007e6effa40,0x00000007e6f00000)
  to   space 12288K, 0% used [0x00000007e5a00000,0x00000007e5a00000,0x00000007e6600000)
 ParOldGen       total 87040K, used 13037K [0x0000000780000000, 0x0000000785500000, 0x00000007d5500000)
  object space 87040K, 14% used [0x0000000780000000,0x0000000780cbb428,0x0000000785500000)
 PSPermGen       total 32256K, used 31863K [0x000000077ae00000, 0x000000077cd80000, 0x0000000780000000)
  object space 32256K, 98% used [0x000000077ae00000,0x000000077cd1de50,0x000000077cd80000)
}
Event: 11.793 GC heap before
{Heap before GC invocations=9 (full 0):
 PSYoungGen      total 276480K, used 276478K [0x00000007d5500000, 0x00000007e7500000, 0x0000000800000000)
  eden space 267264K, 100% used [0x00000007d5500000,0x00000007e5a00000,0x00000007e5a00000)
  from space 9216K, 99% used [0x00000007e6600000,0x00000007e6effa40,0x00000007e6f00000)
  to   space 12288K, 0% used [0x00000007e5a00000,0x00000007e5a00000,0x00000007e6600000)
 ParOldGen       total 87040K, used 13037K [0x0000000780000000, 0x0000000785500000, 0x00000007d5500000)
  object space 87040K, 14% used [0x0000000780000000,0x0000000780cbb428,0x0000000785500000)
 PSPermGen       total 40448K, used 40130K [0x000000077ae00000, 0x000000077d580000, 0x0000000780000000)
  object space 40448K, 99% used [0x000000077ae00000,0x000000077d530b50,0x000000077d580000)
Event: 11.820 GC heap after
Heap after GC invocations=9 (full 0):
 PSYoungGen      total 279552K, used 12271K [0x00000007d5500000, 0x00000007f1b00000, 0x0000000800000000)
  eden space 267264K, 0% used [0x00000007d5500000,0x00000007d5500000,0x00000007e5a00000)
  from space 12288K, 99% used [0x00000007e5a00000,0x00000007e65fbe88,0x00000007e6600000)
  to   space 18432K, 0% used [0x00000007f0900000,0x00000007f0900000,0x00000007f1b00000)
 ParOldGen       total 87040K, used 24024K [0x0000000780000000, 0x0000000785500000, 0x00000007d5500000)
  object space 87040K, 27% used [0x0000000780000000,0x0000000781776300,0x0000000785500000)
 PSPermGen       total 40448K, used 40130K [0x000000077ae00000, 0x000000077d580000, 0x0000000780000000)
  object space 40448K, 99% used [0x000000077ae00000,0x000000077d530b50,0x000000077d580000)
}
Event: 13.876 GC heap before
{Heap before GC invocations=10 (full 0):
 PSYoungGen      total 279552K, used 279535K [0x00000007d5500000, 0x00000007f1b00000, 0x0000000800000000)
  eden space 267264K, 100% used [0x00000007d5500000,0x00000007e5a00000,0x00000007e5a00000)
  from space 12288K, 99% used [0x00000007e5a00000,0x00000007e65fbe88,0x00000007e6600000)
  to   space 18432K, 0% used [0x00000007f0900000,0x00000007f0900000,0x00000007f1b00000)
 ParOldGen       total 87040K, used 24024K [0x0000000780000000, 0x0000000785500000, 0x00000007d5500000)
  object space 87040K, 27% used [0x0000000780000000,0x0000000781776300,0x0000000785500000)
 PSPermGen       total 43008K, used 42497K [0x000000077ae00000, 0x000000077d800000, 0x0000000780000000)
  object space 43008K, 98% used [0x000000077ae00000,0x000000077d7806a8,0x000000077d800000)
Event: 13.899 GC heap after
Heap after GC invocations=10 (full 0):
 PSYoungGen      total 446464K, used 11484K [0x00000007d5500000, 0x00000007f1b00000, 0x0000000800000000)
  eden space 428032K, 0% used [0x00000007d5500000,0x00000007d5500000,0x00000007ef700000)
  from space 18432K, 62% used [0x00000007f0900000,0x00000007f14371e0,0x00000007f1b00000)
  to   space 18432K, 0% used [0x00000007ef700000,0x00000007ef700000,0x00000007f0900000)
 ParOldGen       total 87040K, used 29714K [0x0000000780000000, 0x0000000785500000, 0x00000007d5500000)
  object space 87040K, 34% used [0x0000000780000000,0x0000000781d04b00,0x0000000785500000)
 PSPermGen       total 43008K, used 42497K [0x000000077ae00000, 0x000000077d800000, 0x0000000780000000)
  object space 43008K, 98% used [0x000000077ae00000,0x000000077d7806a8,0x000000077d800000)
}
Event: 16.466 GC heap before
{Heap before GC invocations=11 (full 0):
 PSYoungGen      total 446464K, used 439516K [0x00000007d5500000, 0x00000007f1b00000, 0x0000000800000000)
  eden space 428032K, 100% used [0x00000007d5500000,0x00000007ef700000,0x00000007ef700000)
  from space 18432K, 62% used [0x00000007f0900000,0x00000007f14371e0,0x00000007f1b00000)
  to   space 18432K, 0% used [0x00000007ef700000,0x00000007ef700000,0x00000007f0900000)
 ParOldGen       total 87040K, used 29714K [0x0000000780000000, 0x0000000785500000, 0x00000007d5500000)
  object space 87040K, 34% used [0x0000000780000000,0x0000000781d04b00,0x0000000785500000)
 PSPermGen       total 51200K, used 51041K [0x000000077ae00000, 0x000000077e000000, 0x0000000780000000)
  object space 51200K, 99% used [0x000000077ae00000,0x000000077dfd8438,0x000000077e000000)
Event: 16.493 GC heap after
Heap after GC invocations=11 (full 0):
 PSYoungGen      total 446464K, used 11368K [0x00000007d5500000, 0x00000007fff00000, 0x0000000800000000)
  eden space 428032K, 0% used [0x00000007d5500000,0x00000007d5500000,0x00000007ef700000)
  from space 18432K, 61% used [0x00000007ef700000,0x00000007f021a088,0x00000007f0900000)
  to   space 17920K, 0% used [0x00000007fed80000,0x00000007fed80000,0x00000007fff00000)
 ParOldGen       total 87040K, used 38930K [0x0000000780000000, 0x0000000785500000, 0x00000007d5500000)
  object space 87040K, 44% used [0x0000000780000000,0x0000000782604ba0,0x0000000785500000)
 PSPermGen       total 51200K, used 51041K [0x000000077ae00000, 0x000000077e000000, 0x0000000780000000)
  object space 51200K, 99% used [0x000000077ae00000,0x000000077dfd8438,0x000000077e000000)
}
Event: 39.844 GC heap before
{Heap before GC invocations=12 (full 0):
 PSYoungGen      total 446464K, used 439400K [0x00000007d5500000, 0x00000007fff00000, 0x0000000800000000)
  eden space 428032K, 100% used [0x00000007d5500000,0x00000007ef700000,0x00000007ef700000)
  from space 18432K, 61% used [0x00000007ef700000,0x00000007f021a088,0x00000007f0900000)
  to   space 17920K, 0% used [0x00000007fed80000,0x00000007fed80000,0x00000007fff00000)
 ParOldGen       total 87040K, used 38930K [0x0000000780000000, 0x0000000785500000, 0x00000007d5500000)
  object space 87040K, 44% used [0x0000000780000000,0x0000000782604ba0,0x0000000785500000)
 PSPermGen       total 60416K, used 60232K [0x000000077ae00000, 0x000000077e900000, 0x0000000780000000)
  object space 60416K, 99% used [0x000000077ae00000,0x000000077e8d23d8,0x000000077e900000)
Event: 39.876 GC heap after
Heap after GC invocations=12 (full 0):
 PSYoungGen      total 426496K, used 17892K [0x00000007d5500000, 0x00000007fff00000, 0x0000000800000000)
  eden space 408576K, 0% used [0x00000007d5500000,0x00000007d5500000,0x00000007ee400000)
  from space 17920K, 99% used [0x00000007fed80000,0x00000007ffef91d8,0x00000007fff00000)
  to   space 22528K, 0% used [0x00000007fd300000,0x00000007fd300000,0x00000007fe900000)
 ParOldGen       total 87040K, used 45180K [0x0000000780000000, 0x0000000785500000, 0x00000007d5500000)
  object space 87040K, 51% used [0x0000000780000000,0x0000000782c1f210,0x0000000785500000)
 PSPermGen       total 60416K, used 60232K [0x000000077ae00000, 0x000000077e900000, 0x0000000780000000)
  object space 60416K, 99% used [0x000000077ae00000,0x000000077e8d23d8,0x000000077e900000)
}

