# JRE version: Java(TM) SE Runtime Environment (7.0_79-b15) (build 1.7.0_79-b15)
# Java VM: Java HotSpot(TM) 64-Bit Server VM (24.79-b02 mixed mode bsd-amd64 compressed oops)
Heap
 PSYoungGen      total 366080K, used 100322K [0x00000007d5500000, 0x00000007eef00000, 0x0000000800000000)
  eden space 356352K, 25% used [0x00000007d5500000,0x00000007dadf25e8,0x00000007eb100000)
  from space 9728K, 94% used [0x00000007ecf00000,0x00000007ed806578,0x00000007ed880000)
  to   space 19456K, 0% used [0x00000007edc00000,0x00000007edc00000,0x00000007eef00000)
 ParOldGen       total 87040K, used 59096K [0x0000000780000000, 0x0000000785500000, 0x00000007d5500000)
  object space 87040K, 67% used [0x0000000780000000,0x00000007839b6278,0x0000000785500000)
 PSPermGen       total 65536K, used 65133K [0x000000077ae00000, 0x000000077ee00000, 0x0000000780000000)
  object space 65536K, 99% used [0x000000077ae00000,0x000000077ed9b710,0x000000077ee00000)
GC Heap History (10 events):
Event: 276.427 GC heap before
{Heap before GC invocations=11 (full 0):
 PSYoungGen      total 261120K, used 261108K [0x00000007d5500000, 0x00000007ebc00000, 0x0000000800000000)
  eden space 256000K, 100% used [0x00000007d5500000,0x00000007e4f00000,0x00000007e4f00000)
  from space 5120K, 99% used [0x00000007e6080000,0x00000007e657d000,0x00000007e6580000)
  to   space 17920K, 0% used [0x00000007e4f00000,0x00000007e4f00000,0x00000007e6080000)
 ParOldGen       total 87040K, used 31287K [0x0000000780000000, 0x0000000785500000, 0x00000007d5500000)
  object space 87040K, 35% used [0x0000000780000000,0x0000000781e8df20,0x0000000785500000)
 PSPermGen       total 45056K, used 44677K [0x000000077ae00000, 0x000000077da00000, 0x0000000780000000)
  object space 45056K, 99% used [0x000000077ae00000,0x000000077d9a1798,0x000000077da00000)
Event: 276.441 GC heap after
Heap after GC invocations=11 (full 0):
 PSYoungGen      total 273920K, used 5183K [0x00000007d5500000, 0x00000007f0800000, 0x0000000800000000)
  eden space 256000K, 0% used [0x00000007d5500000,0x00000007d5500000,0x00000007e4f00000)
  from space 17920K, 28% used [0x00000007e4f00000,0x00000007e540fd70,0x00000007e6080000)
  to   space 17920K, 0% used [0x00000007ef680000,0x00000007ef680000,0x00000007f0800000)
 ParOldGen       total 87040K, used 36343K [0x0000000780000000, 0x0000000785500000, 0x00000007d5500000)
  object space 87040K, 41% used [0x0000000780000000,0x000000078237dc18,0x0000000785500000)
 PSPermGen       total 45056K, used 44677K [0x000000077ae00000, 0x000000077da00000, 0x0000000780000000)
  object space 45056K, 99% used [0x000000077ae00000,0x000000077d9a1798,0x000000077da00000)
}
Event: 277.607 GC heap before
{Heap before GC invocations=12 (full 0):
 PSYoungGen      total 273920K, used 261183K [0x00000007d5500000, 0x00000007f0800000, 0x0000000800000000)
  eden space 256000K, 100% used [0x00000007d5500000,0x00000007e4f00000,0x00000007e4f00000)
  from space 17920K, 28% used [0x00000007e4f00000,0x00000007e540fd70,0x00000007e6080000)
  to   space 17920K, 0% used [0x00000007ef680000,0x00000007ef680000,0x00000007f0800000)
 ParOldGen       total 87040K, used 36343K [0x0000000780000000, 0x0000000785500000, 0x00000007d5500000)
  object space 87040K, 41% used [0x0000000780000000,0x000000078237dc18,0x0000000785500000)
 PSPermGen       total 49152K, used 48964K [0x000000077ae00000, 0x000000077de00000, 0x0000000780000000)
  object space 49152K, 99% used [0x000000077ae00000,0x000000077ddd10a0,0x000000077de00000)
Event: 277.621 GC heap after
Heap after GC invocations=12 (full 0):
 PSYoungGen      total 426496K, used 6728K [0x00000007d5500000, 0x00000007f0700000, 0x0000000800000000)
  eden space 409600K, 0% used [0x00000007d5500000,0x00000007d5500000,0x00000007ee500000)
  from space 16896K, 39% used [0x00000007ef680000,0x00000007efd121d8,0x00000007f0700000)
  to   space 17408K, 0% used [0x00000007ee500000,0x00000007ee500000,0x00000007ef600000)
 ParOldGen       total 87040K, used 38083K [0x0000000780000000, 0x0000000785500000, 0x00000007d5500000)
  object space 87040K, 43% used [0x0000000780000000,0x0000000782530cd8,0x0000000785500000)
 PSPermGen       total 49152K, used 48964K [0x000000077ae00000, 0x000000077de00000, 0x0000000780000000)
  object space 49152K, 99% used [0x000000077ae00000,0x000000077ddd10a0,0x000000077de00000)
}
Event: 281.438 GC heap before
{Heap before GC invocations=13 (full 0):
 PSYoungGen      total 426496K, used 416328K [0x00000007d5500000, 0x00000007f0700000, 0x0000000800000000)
  eden space 409600K, 100% used [0x00000007d5500000,0x00000007ee500000,0x00000007ee500000)
  from space 16896K, 39% used [0x00000007ef680000,0x00000007efd121d8,0x00000007f0700000)
  to   space 17408K, 0% used [0x00000007ee500000,0x00000007ee500000,0x00000007ef600000)
 ParOldGen       total 87040K, used 38083K [0x0000000780000000, 0x0000000785500000, 0x00000007d5500000)
  object space 87040K, 43% used [0x0000000780000000,0x0000000782530cd8,0x0000000785500000)
 PSPermGen       total 57344K, used 57253K [0x000000077ae00000, 0x000000077e600000, 0x0000000780000000)
  object space 57344K, 99% used [0x000000077ae00000,0x000000077e5e94a8,0x000000077e600000)
Event: 281.455 GC heap after
Heap after GC invocations=13 (full 0):
 PSYoungGen      total 400896K, used 9688K [0x00000007d5500000, 0x00000007ef700000, 0x0000000800000000)
  eden space 391168K, 0% used [0x00000007d5500000,0x00000007d5500000,0x00000007ed300000)
  from space 9728K, 99% used [0x00000007ee500000,0x00000007eee76148,0x00000007eee80000)
  to   space 8704K, 0% used [0x00000007eee80000,0x00000007eee80000,0x00000007ef700000)
 ParOldGen       total 87040K, used 41563K [0x0000000780000000, 0x0000000785500000, 0x00000007d5500000)
  object space 87040K, 47% used [0x0000000780000000,0x0000000782896cf8,0x0000000785500000)
 PSPermGen       total 57344K, used 57253K [0x000000077ae00000, 0x000000077e600000, 0x0000000780000000)
  object space 57344K, 99% used [0x000000077ae00000,0x000000077e5e94a8,0x000000077e600000)
}
Event: 618.378 GC heap before
{Heap before GC invocations=14 (full 0):
 PSYoungGen      total 400896K, used 400856K [0x00000007d5500000, 0x00000007ef700000, 0x0000000800000000)
  eden space 391168K, 100% used [0x00000007d5500000,0x00000007ed300000,0x00000007ed300000)
  from space 9728K, 99% used [0x00000007ee500000,0x00000007eee76148,0x00000007eee80000)
  to   space 8704K, 0% used [0x00000007eee80000,0x00000007eee80000,0x00000007ef700000)
 ParOldGen       total 87040K, used 41563K [0x0000000780000000, 0x0000000785500000, 0x00000007d5500000)
  object space 87040K, 47% used [0x0000000780000000,0x0000000782896cf8,0x0000000785500000)
 PSPermGen       total 62464K, used 61981K [0x000000077ae00000, 0x000000077eb00000, 0x0000000780000000)
  object space 62464K, 99% used [0x000000077ae00000,0x000000077ea87778,0x000000077eb00000)
Event: 618.401 GC heap after
Heap after GC invocations=14 (full 0):
 PSYoungGen      total 381952K, used 8680K [0x00000007d5500000, 0x00000007ef700000, 0x0000000800000000)
  eden space 373248K, 0% used [0x00000007d5500000,0x00000007d5500000,0x00000007ec180000)
  from space 8704K, 99% used [0x00000007eee80000,0x00000007ef6fa1c8,0x00000007ef700000)
  to   space 20480K, 0% used [0x00000007ecf00000,0x00000007ecf00000,0x00000007ee300000)
 ParOldGen       total 87040K, used 52789K [0x0000000780000000, 0x0000000785500000, 0x00000007d5500000)
  object space 87040K, 60% used [0x0000000780000000,0x000000078338d6a8,0x0000000785500000)
 PSPermGen       total 62464K, used 61981K [0x000000077ae00000, 0x000000077eb00000, 0x0000000780000000)
  object space 62464K, 99% used [0x000000077ae00000,0x000000077ea87778,0x000000077eb00000)
}
Event: 941.650 GC heap before
{Heap before GC invocations=15 (full 0):
 PSYoungGen      total 381952K, used 381928K [0x00000007d5500000, 0x00000007ef700000, 0x0000000800000000)
  eden space 373248K, 100% used [0x00000007d5500000,0x00000007ec180000,0x00000007ec180000)
  from space 8704K, 99% used [0x00000007eee80000,0x00000007ef6fa1c8,0x00000007ef700000)
  to   space 20480K, 0% used [0x00000007ecf00000,0x00000007ecf00000,0x00000007ee300000)
 ParOldGen       total 87040K, used 52789K [0x0000000780000000, 0x0000000785500000, 0x00000007d5500000)
  object space 87040K, 60% used [0x0000000780000000,0x000000078338d6a8,0x0000000785500000)
 PSPermGen       total 63488K, used 63021K [0x000000077ae00000, 0x000000077ec00000, 0x0000000780000000)
  object space 63488K, 99% used [0x000000077ae00000,0x000000077eb8b618,0x000000077ec00000)
Event: 941.664 GC heap after
Heap after GC invocations=15 (full 0):
 PSYoungGen      total 366080K, used 9241K [0x00000007d5500000, 0x00000007eef00000, 0x0000000800000000)
  eden space 356352K, 0% used [0x00000007d5500000,0x00000007d5500000,0x00000007eb100000)
  from space 9728K, 94% used [0x00000007ecf00000,0x00000007ed806578,0x00000007ed880000)
  to   space 19456K, 0% used [0x00000007edc00000,0x00000007edc00000,0x00000007eef00000)
 ParOldGen       total 87040K, used 59096K [0x0000000780000000, 0x0000000785500000, 0x00000007d5500000)
  object space 87040K, 67% used [0x0000000780000000,0x00000007839b6278,0x0000000785500000)
 PSPermGen       total 63488K, used 63021K [0x000000077ae00000, 0x000000077ec00000, 0x0000000780000000)
  object space 63488K, 99% used [0x000000077ae00000,0x000000077eb8b618,0x000000077ec00000)
}

