# JRE version: Java(TM) SE Runtime Environment (7.0_79-b15) (build 1.7.0_79-b15)
# Java VM: Java HotSpot(TM) 64-Bit Server VM (24.79-b02 mixed mode bsd-amd64 compressed oops)
Heap
 PSYoungGen      total 381440K, used 62440K [0x00000007d5500000, 0x00000007fef00000, 0x0000000800000000)
  eden space 370688K, 13% used [0x00000007d5500000,0x00000007d8781eb0,0x00000007ebf00000)
  from space 10752K, 99% used [0x00000007fe480000,0x00000007feef83b8,0x00000007fef00000)
  to   space 23040K, 0% used [0x00000007fc200000,0x00000007fc200000,0x00000007fd880000)
 ParOldGen       total 87040K, used 63380K [0x0000000780000000, 0x0000000785500000, 0x00000007d5500000)
  object space 87040K, 72% used [0x0000000780000000,0x0000000783de53b0,0x0000000785500000)
 PSPermGen       total 69120K, used 69105K [0x000000077ae00000, 0x000000077f180000, 0x0000000780000000)
  object space 69120K, 99% used [0x000000077ae00000,0x000000077f17c640,0x000000077f180000)
GC Heap History (10 events):
Event: 11.841 GC heap before
{Heap before GC invocations=10 (full 0):
 PSYoungGen      total 278528K, used 278517K [0x00000007d5500000, 0x00000007f1800000, 0x0000000800000000)
  eden space 266240K, 100% used [0x00000007d5500000,0x00000007e5900000,0x00000007e5900000)
  from space 12288K, 99% used [0x00000007e5900000,0x00000007e64fd7a0,0x00000007e6500000)
  to   space 17920K, 0% used [0x00000007f0680000,0x00000007f0680000,0x00000007f1800000)
 ParOldGen       total 87040K, used 23348K [0x0000000780000000, 0x0000000785500000, 0x00000007d5500000)
  object space 87040K, 26% used [0x0000000780000000,0x00000007816cd128,0x0000000785500000)
 PSPermGen       total 42496K, used 42128K [0x000000077ae00000, 0x000000077d780000, 0x0000000780000000)
  object space 42496K, 99% used [0x000000077ae00000,0x000000077d724150,0x000000077d780000)
Event: 11.869 GC heap after
Heap after GC invocations=10 (full 0):
 PSYoungGen      total 443904K, used 11367K [0x00000007d5500000, 0x00000007f1800000, 0x0000000800000000)
  eden space 425984K, 0% used [0x00000007d5500000,0x00000007d5500000,0x00000007ef500000)
  from space 17920K, 63% used [0x00000007f0680000,0x00000007f1199f68,0x00000007f1800000)
  to   space 17920K, 0% used [0x00000007ef500000,0x00000007ef500000,0x00000007f0680000)
 ParOldGen       total 87040K, used 29400K [0x0000000780000000, 0x0000000785500000, 0x00000007d5500000)
  object space 87040K, 33% used [0x0000000780000000,0x0000000781cb61c0,0x0000000785500000)
 PSPermGen       total 42496K, used 42128K [0x000000077ae00000, 0x000000077d780000, 0x0000000780000000)
  object space 42496K, 99% used [0x000000077ae00000,0x000000077d724150,0x000000077d780000)
}
Event: 13.909 GC heap before
{Heap before GC invocations=11 (full 0):
 PSYoungGen      total 443904K, used 437351K [0x00000007d5500000, 0x00000007f1800000, 0x0000000800000000)
  eden space 425984K, 100% used [0x00000007d5500000,0x00000007ef500000,0x00000007ef500000)
  from space 17920K, 63% used [0x00000007f0680000,0x00000007f1199f68,0x00000007f1800000)
  to   space 17920K, 0% used [0x00000007ef500000,0x00000007ef500000,0x00000007f0680000)
 ParOldGen       total 87040K, used 29400K [0x0000000780000000, 0x0000000785500000, 0x00000007d5500000)
  object space 87040K, 33% used [0x0000000780000000,0x0000000781cb61c0,0x0000000785500000)
 PSPermGen       total 51200K, used 50962K [0x000000077ae00000, 0x000000077e000000, 0x0000000780000000)
  object space 51200K, 99% used [0x000000077ae00000,0x000000077dfc4a10,0x000000077e000000)
Event: 13.934 GC heap after
Heap after GC invocations=11 (full 0):
 PSYoungGen      total 443904K, used 11722K [0x00000007d5500000, 0x0000000800000000, 0x0000000800000000)
  eden space 425984K, 0% used [0x00000007d5500000,0x00000007d5500000,0x00000007ef500000)
  from space 17920K, 65% used [0x00000007ef500000,0x00000007f0072b18,0x00000007f0680000)
  to   space 17920K, 0% used [0x00000007fee80000,0x00000007fee80000,0x0000000800000000)
 ParOldGen       total 87040K, used 38844K [0x0000000780000000, 0x0000000785500000, 0x00000007d5500000)
  object space 87040K, 44% used [0x0000000780000000,0x00000007825ef178,0x0000000785500000)
 PSPermGen       total 51200K, used 50962K [0x000000077ae00000, 0x000000077e000000, 0x0000000780000000)
  object space 51200K, 99% used [0x000000077ae00000,0x000000077dfc4a10,0x000000077e000000)
}
Event: 64.570 GC heap before
{Heap before GC invocations=12 (full 0):
 PSYoungGen      total 443904K, used 437706K [0x00000007d5500000, 0x0000000800000000, 0x0000000800000000)
  eden space 425984K, 100% used [0x00000007d5500000,0x00000007ef500000,0x00000007ef500000)
  from space 17920K, 65% used [0x00000007ef500000,0x00000007f0072b18,0x00000007f0680000)
  to   space 17920K, 0% used [0x00000007fee80000,0x00000007fee80000,0x0000000800000000)
 ParOldGen       total 87040K, used 38844K [0x0000000780000000, 0x0000000785500000, 0x00000007d5500000)
  object space 87040K, 44% used [0x0000000780000000,0x00000007825ef178,0x0000000785500000)
 PSPermGen       total 60416K, used 60097K [0x000000077ae00000, 0x000000077e900000, 0x0000000780000000)
  object space 60416K, 99% used [0x000000077ae00000,0x000000077e8b0418,0x000000077e900000)
Event: 64.598 GC heap after
Heap after GC invocations=12 (full 0):
 PSYoungGen      total 421376K, used 14697K [0x00000007d5500000, 0x00000007ffd00000, 0x0000000800000000)
  eden space 406528K, 0% used [0x00000007d5500000,0x00000007d5500000,0x00000007ee200000)
  from space 14848K, 98% used [0x00000007fee80000,0x00000007ffcda5e0,0x00000007ffd00000)
  to   space 18944K, 0% used [0x00000007fd800000,0x00000007fd800000,0x00000007fea80000)
 ParOldGen       total 87040K, used 44430K [0x0000000780000000, 0x0000000785500000, 0x00000007d5500000)
  object space 87040K, 51% used [0x0000000780000000,0x0000000782b63b28,0x0000000785500000)
 PSPermGen       total 60416K, used 60097K [0x000000077ae00000, 0x000000077e900000, 0x0000000780000000)
  object space 60416K, 99% used [0x000000077ae00000,0x000000077e8b0418,0x000000077e900000)
}
Event: 351.022 GC heap before
{Heap before GC invocations=13 (full 0):
 PSYoungGen      total 421376K, used 421225K [0x00000007d5500000, 0x00000007ffd00000, 0x0000000800000000)
  eden space 406528K, 100% used [0x00000007d5500000,0x00000007ee200000,0x00000007ee200000)
  from space 14848K, 98% used [0x00000007fee80000,0x00000007ffcda5e0,0x00000007ffd00000)
  to   space 18944K, 0% used [0x00000007fd800000,0x00000007fd800000,0x00000007fea80000)
 ParOldGen       total 87040K, used 44430K [0x0000000780000000, 0x0000000785500000, 0x00000007d5500000)
  object space 87040K, 51% used [0x0000000780000000,0x0000000782b63b28,0x0000000785500000)
 PSPermGen       total 62464K, used 61998K [0x000000077ae00000, 0x000000077eb00000, 0x0000000780000000)
  object space 62464K, 99% used [0x000000077ae00000,0x000000077ea8bbc8,0x000000077eb00000)
Event: 351.054 GC heap after
Heap after GC invocations=13 (full 0):
 PSYoungGen      total 400896K, used 12622K [0x00000007d5500000, 0x00000007fef00000, 0x0000000800000000)
  eden space 388096K, 0% used [0x00000007d5500000,0x00000007d5500000,0x00000007ed000000)
  from space 12800K, 98% used [0x00000007fd800000,0x00000007fe453ac8,0x00000007fe480000)
  to   space 10752K, 0% used [0x00000007fe480000,0x00000007fe480000,0x00000007fef00000)
 ParOldGen       total 87040K, used 50712K [0x0000000780000000, 0x0000000785500000, 0x00000007d5500000)
  object space 87040K, 58% used [0x0000000780000000,0x0000000783186260,0x0000000785500000)
 PSPermGen       total 62464K, used 61998K [0x000000077ae00000, 0x000000077eb00000, 0x0000000780000000)
  object space 62464K, 99% used [0x000000077ae00000,0x000000077ea8bbc8,0x000000077eb00000)
}
Event: 949.298 GC heap before
{Heap before GC invocations=14 (full 0):
 PSYoungGen      total 400896K, used 400718K [0x00000007d5500000, 0x00000007fef00000, 0x0000000800000000)
  eden space 388096K, 100% used [0x00000007d5500000,0x00000007ed000000,0x00000007ed000000)
  from space 12800K, 98% used [0x00000007fd800000,0x00000007fe453ac8,0x00000007fe480000)
  to   space 10752K, 0% used [0x00000007fe480000,0x00000007fe480000,0x00000007fef00000)
 ParOldGen       total 87040K, used 50712K [0x0000000780000000, 0x0000000785500000, 0x00000007d5500000)
  object space 87040K, 58% used [0x0000000780000000,0x0000000783186260,0x0000000785500000)
 PSPermGen       total 69120K, used 69093K [0x000000077ae00000, 0x000000077f180000, 0x0000000780000000)
  object space 69120K, 99% used [0x000000077ae00000,0x000000077f179740,0x000000077f180000)
Event: 949.331 GC heap after
Heap after GC invocations=14 (full 0):
 PSYoungGen      total 381440K, used 10720K [0x00000007d5500000, 0x00000007fef00000, 0x0000000800000000)
  eden space 370688K, 0% used [0x00000007d5500000,0x00000007d5500000,0x00000007ebf00000)
  from space 10752K, 99% used [0x00000007fe480000,0x00000007feef83b8,0x00000007fef00000)
  to   space 23040K, 0% used [0x00000007fc200000,0x00000007fc200000,0x00000007fd880000)
 ParOldGen       total 87040K, used 63380K [0x0000000780000000, 0x0000000785500000, 0x00000007d5500000)
  object space 87040K, 72% used [0x0000000780000000,0x0000000783de53b0,0x0000000785500000)
 PSPermGen       total 69120K, used 69093K [0x000000077ae00000, 0x000000077f180000, 0x0000000780000000)
  object space 69120K, 99% used [0x000000077ae00000,0x000000077f179740,0x000000077f180000)
}

