# JRE version: Java(TM) SE Runtime Environment (7.0_79-b15) (build 1.7.0_79-b15)
# Java VM: Java HotSpot(TM) 64-Bit Server VM (24.79-b02 mixed mode bsd-amd64 compressed oops)
Heap
 PSYoungGen      total 385536K, used 177156K [0x00000007d5500000, 0x00000007feb00000, 0x0000000800000000)
  eden space 372224K, 44% used [0x00000007d5500000,0x00000007df521168,0x00000007ec080000)
  from space 13312K, 99% used [0x00000007fde00000,0x00000007feadfeb0,0x00000007feb00000)
  to   space 21504K, 0% used [0x00000007fc100000,0x00000007fc100000,0x00000007fd600000)
 ParOldGen       total 87040K, used 55958K [0x0000000780000000, 0x0000000785500000, 0x00000007d5500000)
  object space 87040K, 64% used [0x0000000780000000,0x00000007836a5818,0x0000000785500000)
 PSPermGen       total 61440K, used 61277K [0x000000077ae00000, 0x000000077ea00000, 0x0000000780000000)
  object space 61440K, 99% used [0x000000077ae00000,0x000000077e9d7588,0x000000077ea00000)
GC Heap History (10 events):
Event: 11.516 GC heap before
{Heap before GC invocations=10 (full 0):
 PSYoungGen      total 278528K, used 278508K [0x00000007d5500000, 0x00000007f1780000, 0x0000000800000000)
  eden space 267776K, 100% used [0x00000007d5500000,0x00000007e5a80000,0x00000007e5a80000)
  from space 10752K, 99% used [0x00000007e5a80000,0x00000007e64fb1f8,0x00000007e6500000)
  to   space 16384K, 0% used [0x00000007f0780000,0x00000007f0780000,0x00000007f1780000)
 ParOldGen       total 87040K, used 20082K [0x0000000780000000, 0x0000000785500000, 0x00000007d5500000)
  object space 87040K, 23% used [0x0000000780000000,0x000000078139c808,0x0000000785500000)
 PSPermGen       total 42496K, used 42307K [0x000000077ae00000, 0x000000077d780000, 0x0000000780000000)
  object space 42496K, 99% used [0x000000077ae00000,0x000000077d750ce8,0x000000077d780000)
Event: 11.540 GC heap after
Heap after GC invocations=10 (full 0):
 PSYoungGen      total 444416K, used 12256K [0x00000007d5500000, 0x00000007f1880000, 0x0000000800000000)
  eden space 428032K, 0% used [0x00000007d5500000,0x00000007d5500000,0x00000007ef700000)
  from space 16384K, 74% used [0x00000007f0780000,0x00000007f1378180,0x00000007f1780000)
  to   space 16896K, 0% used [0x00000007ef700000,0x00000007ef700000,0x00000007f0780000)
 ParOldGen       total 87040K, used 23935K [0x0000000780000000, 0x0000000785500000, 0x00000007d5500000)
  object space 87040K, 27% used [0x0000000780000000,0x000000078175fd20,0x0000000785500000)
 PSPermGen       total 42496K, used 42307K [0x000000077ae00000, 0x000000077d780000, 0x0000000780000000)
  object space 42496K, 99% used [0x000000077ae00000,0x000000077d750ce8,0x000000077d780000)
}
Event: 13.514 GC heap before
{Heap before GC invocations=11 (full 0):
 PSYoungGen      total 444416K, used 440288K [0x00000007d5500000, 0x00000007f1880000, 0x0000000800000000)
  eden space 428032K, 100% used [0x00000007d5500000,0x00000007ef700000,0x00000007ef700000)
  from space 16384K, 74% used [0x00000007f0780000,0x00000007f1378180,0x00000007f1780000)
  to   space 16896K, 0% used [0x00000007ef700000,0x00000007ef700000,0x00000007f0780000)
 ParOldGen       total 87040K, used 23935K [0x0000000780000000, 0x0000000785500000, 0x00000007d5500000)
  object space 87040K, 27% used [0x0000000780000000,0x000000078175fd20,0x0000000785500000)
 PSPermGen       total 49664K, used 49179K [0x000000077ae00000, 0x000000077de80000, 0x0000000780000000)
  object space 49664K, 99% used [0x000000077ae00000,0x000000077de06c58,0x000000077de80000)
Event: 13.539 GC heap after
Heap after GC invocations=11 (full 0):
 PSYoungGen      total 444928K, used 9561K [0x00000007d5500000, 0x00000007fff80000, 0x0000000800000000)
  eden space 428032K, 0% used [0x00000007d5500000,0x00000007d5500000,0x00000007ef700000)
  from space 16896K, 56% used [0x00000007ef700000,0x00000007f0056670,0x00000007f0780000)
  to   space 16384K, 0% used [0x00000007fef80000,0x00000007fef80000,0x00000007fff80000)
 ParOldGen       total 87040K, used 32968K [0x0000000780000000, 0x0000000785500000, 0x00000007d5500000)
  object space 87040K, 37% used [0x0000000780000000,0x00000007820320f0,0x0000000785500000)
 PSPermGen       total 49664K, used 49179K [0x000000077ae00000, 0x000000077de80000, 0x0000000780000000)
  object space 49664K, 99% used [0x000000077ae00000,0x000000077de06c58,0x000000077de80000)
}
Event: 44.065 GC heap before
{Heap before GC invocations=12 (full 0):
 PSYoungGen      total 444928K, used 437593K [0x00000007d5500000, 0x00000007fff80000, 0x0000000800000000)
  eden space 428032K, 100% used [0x00000007d5500000,0x00000007ef700000,0x00000007ef700000)
  from space 16896K, 56% used [0x00000007ef700000,0x00000007f0056670,0x00000007f0780000)
  to   space 16384K, 0% used [0x00000007fef80000,0x00000007fef80000,0x00000007fff80000)
 ParOldGen       total 87040K, used 32968K [0x0000000780000000, 0x0000000785500000, 0x00000007d5500000)
  object space 87040K, 37% used [0x0000000780000000,0x00000007820320f0,0x0000000785500000)
 PSPermGen       total 59392K, used 59388K [0x000000077ae00000, 0x000000077e800000, 0x0000000780000000)
  object space 59392K, 99% used [0x000000077ae00000,0x000000077e7ff3d0,0x000000077e800000)
Event: 44.103 GC heap after
Heap after GC invocations=12 (full 0):
 PSYoungGen      total 424960K, used 16355K [0x00000007d5500000, 0x00000007fff80000, 0x0000000800000000)
  eden space 408576K, 0% used [0x00000007d5500000,0x00000007d5500000,0x00000007ee400000)
  from space 16384K, 99% used [0x00000007fef80000,0x00000007fff78cb8,0x00000007fff80000)
  to   space 22528K, 0% used [0x00000007fd380000,0x00000007fd380000,0x00000007fe980000)
 ParOldGen       total 87040K, used 44225K [0x0000000780000000, 0x0000000785500000, 0x00000007d5500000)
  object space 87040K, 50% used [0x0000000780000000,0x0000000782b304b8,0x0000000785500000)
 PSPermGen       total 59392K, used 59388K [0x000000077ae00000, 0x000000077e800000, 0x0000000780000000)
  object space 59392K, 99% used [0x000000077ae00000,0x000000077e7ff3d0,0x000000077e800000)
}
Event: 431.273 GC heap before
{Heap before GC invocations=13 (full 0):
 PSYoungGen      total 424960K, used 424931K [0x00000007d5500000, 0x00000007fff80000, 0x0000000800000000)
  eden space 408576K, 100% used [0x00000007d5500000,0x00000007ee400000,0x00000007ee400000)
  from space 16384K, 99% used [0x00000007fef80000,0x00000007fff78cb8,0x00000007fff80000)
  to   space 22528K, 0% used [0x00000007fd380000,0x00000007fd380000,0x00000007fe980000)
 ParOldGen       total 87040K, used 44225K [0x0000000780000000, 0x0000000785500000, 0x00000007d5500000)
  object space 87040K, 50% used [0x0000000780000000,0x0000000782b304b8,0x0000000785500000)
 PSPermGen       total 61440K, used 61082K [0x000000077ae00000, 0x000000077ea00000, 0x0000000780000000)
  object space 61440K, 99% used [0x000000077ae00000,0x000000077e9a6a68,0x000000077ea00000)
Event: 431.321 GC heap after
Heap after GC invocations=13 (full 0):
 PSYoungGen      total 400896K, used 10259K [0x00000007d5500000, 0x00000007ff000000, 0x0000000800000000)
  eden space 390144K, 0% used [0x00000007d5500000,0x00000007d5500000,0x00000007ed200000)
  from space 10752K, 95% used [0x00000007fd380000,0x00000007fdd84fc8,0x00000007fde00000)
  to   space 18432K, 0% used [0x00000007fde00000,0x00000007fde00000,0x00000007ff000000)
 ParOldGen       total 87040K, used 53616K [0x0000000780000000, 0x0000000785500000, 0x00000007d5500000)
  object space 87040K, 61% used [0x0000000780000000,0x000000078345c000,0x0000000785500000)
 PSPermGen       total 61440K, used 61082K [0x000000077ae00000, 0x000000077ea00000, 0x0000000780000000)
  object space 61440K, 99% used [0x000000077ae00000,0x000000077e9a6a68,0x000000077ea00000)
}
Event: 2416.748 GC heap before
{Heap before GC invocations=14 (full 0):
 PSYoungGen      total 400896K, used 400403K [0x00000007d5500000, 0x00000007ff000000, 0x0000000800000000)
  eden space 390144K, 100% used [0x00000007d5500000,0x00000007ed200000,0x00000007ed200000)
  from space 10752K, 95% used [0x00000007fd380000,0x00000007fdd84fc8,0x00000007fde00000)
  to   space 18432K, 0% used [0x00000007fde00000,0x00000007fde00000,0x00000007ff000000)
 ParOldGen       total 87040K, used 53616K [0x0000000780000000, 0x0000000785500000, 0x00000007d5500000)
  object space 87040K, 61% used [0x0000000780000000,0x000000078345c000,0x0000000785500000)
 PSPermGen       total 61440K, used 61221K [0x000000077ae00000, 0x000000077ea00000, 0x0000000780000000)
  object space 61440K, 99% used [0x000000077ae00000,0x000000077e9c9580,0x000000077ea00000)
Event: 2416.797 GC heap after
Heap after GC invocations=14 (full 0):
 PSYoungGen      total 385536K, used 13183K [0x00000007d5500000, 0x00000007feb00000, 0x0000000800000000)
  eden space 372224K, 0% used [0x00000007d5500000,0x00000007d5500000,0x00000007ec080000)
  from space 13312K, 99% used [0x00000007fde00000,0x00000007feadfeb0,0x00000007feb00000)
  to   space 21504K, 0% used [0x00000007fc100000,0x00000007fc100000,0x00000007fd600000)
 ParOldGen       total 87040K, used 55958K [0x0000000780000000, 0x0000000785500000, 0x00000007d5500000)
  object space 87040K, 64% used [0x0000000780000000,0x00000007836a5818,0x0000000785500000)
 PSPermGen       total 61440K, used 61221K [0x000000077ae00000, 0x000000077ea00000, 0x0000000780000000)
  object space 61440K, 99% used [0x000000077ae00000,0x000000077e9c9580,0x000000077ea00000)
}

